This file contains any messages produced by compilers while
running configure, to aid debugging if configure makes a mistake.

It was created by libsangoma configure 1.0.0, which was
generated by GNU Autoconf 2.59.  Invocation command line was

  $ ./configure 

## --------- ##
## Platform. ##
## --------- ##

hostname = tesla.localdomain
uname -m = i686
uname -r = 2.6.9-5.0.3.ELsmp
uname -s = Linux
uname -v = #1 SMP Tue Oct 11 12:02:02 EDT 2005

/usr/bin/uname -p = unknown
/bin/uname -X     = unknown

/bin/arch              = i686
/usr/bin/arch -k       = unknown
/usr/convex/getsysinfo = unknown
hostinfo               = unknown
/bin/machine           = unknown
/usr/bin/oslevel       = unknown
/bin/universe          = unknown

PATH: /usr/kerberos/sbin
PATH: /usr/kerberos/bin
PATH: /usr/local/sbin
PATH: /usr/local/bin
PATH: /sbin
PATH: /bin
PATH: /usr/sbin
PATH: /usr/bin
PATH: /usr/X11R6/bin
PATH: /usr/sbin/scripts
PATH: /root/bin
PATH: /usr/sbin/scripts
PATH: /bin
PATH: /sbin
PATH: /usr/bin
PATH: /usr/sbin


## ----------- ##
## Core tests. ##
## ----------- ##

configure:1551: checking for a BSD-compatible install
configure:1606: result: /usr/bin/install -c
configure:1617: checking whether build environment is sane
configure:1660: result: yes
configure:1725: checking for gawk
configure:1741: found /bin/gawk
configure:1751: result: gawk
configure:1761: checking whether make sets $(MAKE)
configure:1781: result: yes
configure:1996: checking for gcc
configure:2012: found /usr/bin/gcc
configure:2022: result: gcc
configure:2266: checking for C compiler version
configure:2269: gcc --version </dev/null >&5
gcc (GCC) 3.4.3 20041212 (Red Hat 3.4.3-9.EL4)
Copyright (C) 2004 Free Software Foundation, Inc.
This is free software; see the source for copying conditions.  There is NO
warranty; not even for MERCHANTABILITY or FITNESS FOR A PARTICULAR PURPOSE.

configure:2272: $? = 0
configure:2274: gcc -v </dev/null >&5
Reading specs from /usr/lib/gcc/i386-redhat-linux/3.4.3/specs
Configured with: ../configure --prefix=/usr --mandir=/usr/share/man --infodir=/usr/share/info --enable-shared --enable-threads=posix --disable-checking --with-system-zlib --enable-__cxa_atexit --disable-libunwind-exceptions --enable-java-awt=gtk --host=i386-redhat-linux
Thread model: posix
gcc version 3.4.3 20041212 (Red Hat 3.4.3-9.EL4)
configure:2277: $? = 0
configure:2279: gcc -V </dev/null >&5
gcc: `-V' option must have argument
configure:2282: $? = 1
configure:2305: checking for C compiler default output file name
configure:2308: gcc    conftest.c  >&5
configure:2311: $? = 0
configure:2357: result: a.out
configure:2362: checking whether the C compiler works
configure:2368: ./a.out
configure:2371: $? = 0
configure:2388: result: yes
configure:2395: checking whether we are cross compiling
configure:2397: result: no
configure:2400: checking for suffix of executables
configure:2402: gcc -o conftest    conftest.c  >&5
configure:2405: $? = 0
configure:2430: result: 
configure:2436: checking for suffix of object files
configure:2457: gcc -c   conftest.c >&5
configure:2460: $? = 0
configure:2482: result: o
configure:2486: checking whether we are using the GNU C compiler
configure:2510: gcc -c   conftest.c >&5
configure:2516: $? = 0
configure:2520: test -z 
			 || test ! -s conftest.err
configure:2523: $? = 0
configure:2526: test -s conftest.o
configure:2529: $? = 0
configure:2542: result: yes
configure:2548: checking whether gcc accepts -g
configure:2569: gcc -c -g  conftest.c >&5
configure:2575: $? = 0
configure:2579: test -z 
			 || test ! -s conftest.err
configure:2582: $? = 0
configure:2585: test -s conftest.o
configure:2588: $? = 0
configure:2599: result: yes
configure:2616: checking for gcc option to accept ANSI C
configure:2686: gcc  -c -g -O2  conftest.c >&5
configure:2692: $? = 0
configure:2696: test -z 
			 || test ! -s conftest.err
configure:2699: $? = 0
configure:2702: test -s conftest.o
configure:2705: $? = 0
configure:2723: result: none needed
configure:2741: gcc -c -g -O2  conftest.c >&5
conftest.c:2: error: syntax error before "me"
configure:2747: $? = 1
configure: failed program was:
| #ifndef __cplusplus
|   choke me
| #endif
configure:2891: checking for style of include used by make
configure:2919: result: GNU
configure:2947: checking dependency style of gcc
configure:3037: result: gcc3
configure:3132: checking build system type
configure:3150: result: i686-pc-linux-gnu
configure:3158: checking host system type
configure:3172: result: i686-pc-linux-gnu
configure:3180: checking for a sed that does not truncate output
configure:3234: result: /bin/sed
configure:3237: checking for egrep
configure:3247: result: grep -E
configure:3263: checking for ld used by gcc
configure:3330: result: /usr/bin/ld
configure:3339: checking if the linker (/usr/bin/ld) is GNU ld
configure:3354: result: yes
configure:3359: checking for /usr/bin/ld option to reload object files
configure:3366: result: -r
configure:3384: checking for BSD-compatible nm
configure:3426: result: /usr/bin/nm -B
configure:3430: checking whether ln -s works
configure:3434: result: yes
configure:3441: checking how to recognise dependent libraries
configure:3613: result: pass_all
configure:3827: checking how to run the C preprocessor
configure:3862: gcc -E  conftest.c
configure:3868: $? = 0
configure:3900: gcc -E  conftest.c
conftest.c:11:28: ac_nonexistent.h: No such file or directory
configure:3906: $? = 1
configure: failed program was:
| /* confdefs.h.  */
| 
| #define PACKAGE_NAME "libsangoma"
| #define PACKAGE_TARNAME "libsangoma"
| #define PACKAGE_VERSION "1.0.0"
| #define PACKAGE_STRING "libsangoma 1.0.0"
| #define PACKAGE_BUGREPORT "anthmct@yahoo.com"
| #define PACKAGE "libsangoma"
| #define VERSION "1.0.0"
| /* end confdefs.h.  */
| #include <ac_nonexistent.h>
configure:3945: result: gcc -E
configure:3969: gcc -E  conftest.c
configure:3975: $? = 0
configure:4007: gcc -E  conftest.c
conftest.c:11:28: ac_nonexistent.h: No such file or directory
configure:4013: $? = 1
configure: failed program was:
| /* confdefs.h.  */
| 
| #define PACKAGE_NAME "libsangoma"
| #define PACKAGE_TARNAME "libsangoma"
| #define PACKAGE_VERSION "1.0.0"
| #define PACKAGE_STRING "libsangoma 1.0.0"
| #define PACKAGE_BUGREPORT "anthmct@yahoo.com"
| #define PACKAGE "libsangoma"
| #define VERSION "1.0.0"
| /* end confdefs.h.  */
| #include <ac_nonexistent.h>
configure:4057: checking for ANSI C header files
configure:4082: gcc -c -g -O2  conftest.c >&5
configure:4088: $? = 0
configure:4092: test -z 
			 || test ! -s conftest.err
configure:4095: $? = 0
configure:4098: test -s conftest.o
configure:4101: $? = 0
configure:4190: gcc -o conftest -g -O2   conftest.c  >&5
configure:4193: $? = 0
configure:4195: ./conftest
configure:4198: $? = 0
configure:4213: result: yes
configure:4237: checking for sys/types.h
configure:4253: gcc -c -g -O2  conftest.c >&5
configure:4259: $? = 0
configure:4263: test -z 
			 || test ! -s conftest.err
configure:4266: $? = 0
configure:4269: test -s conftest.o
configure:4272: $? = 0
configure:4283: result: yes
configure:4237: checking for sys/stat.h
configure:4253: gcc -c -g -O2  conftest.c >&5
configure:4259: $? = 0
configure:4263: test -z 
			 || test ! -s conftest.err
configure:4266: $? = 0
configure:4269: test -s conftest.o
configure:4272: $? = 0
configure:4283: result: yes
configure:4237: checking for stdlib.h
configure:4253: gcc -c -g -O2  conftest.c >&5
configure:4259: $? = 0
configure:4263: test -z 
			 || test ! -s conftest.err
configure:4266: $? = 0
configure:4269: test -s conftest.o
configure:4272: $? = 0
configure:4283: result: yes
configure:4237: checking for string.h
configure:4253: gcc -c -g -O2  conftest.c >&5
configure:4259: $? = 0
configure:4263: test -z 
			 || test ! -s conftest.err
configure:4266: $? = 0
configure:4269: test -s conftest.o
configure:4272: $? = 0
configure:4283: result: yes
configure:4237: checking for memory.h
configure:4253: gcc -c -g -O2  conftest.c >&5
configure:4259: $? = 0
configure:4263: test -z 
			 || test ! -s conftest.err
configure:4266: $? = 0
configure:4269: test -s conftest.o
configure:4272: $? = 0
configure:4283: result: yes
configure:4237: checking for strings.h
configure:4253: gcc -c -g -O2  conftest.c >&5
configure:4259: $? = 0
configure:4263: test -z 
			 || test ! -s conftest.err
configure:4266: $? = 0
configure:4269: test -s conftest.o
configure:4272: $? = 0
configure:4283: result: yes
configure:4237: checking for inttypes.h
configure:4253: gcc -c -g -O2  conftest.c >&5
configure:4259: $? = 0
configure:4263: test -z 
			 || test ! -s conftest.err
configure:4266: $? = 0
configure:4269: test -s conftest.o
configure:4272: $? = 0
configure:4283: result: yes
configure:4237: checking for stdint.h
configure:4253: gcc -c -g -O2  conftest.c >&5
configure:4259: $? = 0
configure:4263: test -z 
			 || test ! -s conftest.err
configure:4266: $? = 0
configure:4269: test -s conftest.o
configure:4272: $? = 0
configure:4283: result: yes
configure:4237: checking for unistd.h
configure:4253: gcc -c -g -O2  conftest.c >&5
configure:4259: $? = 0
configure:4263: test -z 
			 || test ! -s conftest.err
configure:4266: $? = 0
configure:4269: test -s conftest.o
configure:4272: $? = 0
configure:4283: result: yes
configure:4309: checking dlfcn.h usability
configure:4321: gcc -c -g -O2  conftest.c >&5
configure:4327: $? = 0
configure:4331: test -z 
			 || test ! -s conftest.err
configure:4334: $? = 0
configure:4337: test -s conftest.o
configure:4340: $? = 0
configure:4350: result: yes
configure:4354: checking dlfcn.h presence
configure:4364: gcc -E  conftest.c
configure:4370: $? = 0
configure:4390: result: yes
configure:4425: checking for dlfcn.h
configure:4432: result: yes
configure:4497: checking for g++
configure:4513: found /usr/bin/g++
configure:4523: result: g++
configure:4539: checking for C++ compiler version
configure:4542: g++ --version </dev/null >&5
g++ (GCC) 3.4.3 20041212 (Red Hat 3.4.3-9.EL4)
Copyright (C) 2004 Free Software Foundation, Inc.
This is free software; see the source for copying conditions.  There is NO
warranty; not even for MERCHANTABILITY or FITNESS FOR A PARTICULAR PURPOSE.

configure:4545: $? = 0
configure:4547: g++ -v </dev/null >&5
Reading specs from /usr/lib/gcc/i386-redhat-linux/3.4.3/specs
Configured with: ../configure --prefix=/usr --mandir=/usr/share/man --infodir=/usr/share/info --enable-shared --enable-threads=posix --disable-checking --with-system-zlib --enable-__cxa_atexit --disable-libunwind-exceptions --enable-java-awt=gtk --host=i386-redhat-linux
Thread model: posix
gcc version 3.4.3 20041212 (Red Hat 3.4.3-9.EL4)
configure:4550: $? = 0
configure:4552: g++ -V </dev/null >&5
g++: `-V' option must have argument
configure:4555: $? = 1
configure:4558: checking whether we are using the GNU C++ compiler
configure:4582: g++ -c   conftest.cc >&5
configure:4588: $? = 0
configure:4592: test -z 
			 || test ! -s conftest.err
configure:4595: $? = 0
configure:4598: test -s conftest.o
configure:4601: $? = 0
configure:4614: result: yes
configure:4620: checking whether g++ accepts -g
configure:4641: g++ -c -g  conftest.cc >&5
configure:4647: $? = 0
configure:4651: test -z 
			 || test ! -s conftest.err
configure:4654: $? = 0
configure:4657: test -s conftest.o
configure:4660: $? = 0
configure:4671: result: yes
configure:4713: g++ -c -g -O2  conftest.cc >&5
configure:4719: $? = 0
configure:4723: test -z 
			 || test ! -s conftest.err
configure:4726: $? = 0
configure:4729: test -s conftest.o
configure:4732: $? = 0
configure:4758: g++ -c -g -O2  conftest.cc >&5
conftest.cc: In function `int main()':
conftest.cc:26: error: `exit' undeclared (first use this function)
conftest.cc:26: error: (Each undeclared identifier is reported only once for each function it appears in.)
configure:4764: $? = 1
configure: failed program was:
| /* confdefs.h.  */
| 
| #define PACKAGE_NAME "libsangoma"
| #define PACKAGE_TARNAME "libsangoma"
| #define PACKAGE_VERSION "1.0.0"
| #define PACKAGE_STRING "libsangoma 1.0.0"
| #define PACKAGE_BUGREPORT "anthmct@yahoo.com"
| #define PACKAGE "libsangoma"
| #define VERSION "1.0.0"
| #define STDC_HEADERS 1
| #define HAVE_SYS_TYPES_H 1
| #define HAVE_SYS_STAT_H 1
| #define HAVE_STDLIB_H 1
| #define HAVE_STRING_H 1
| #define HAVE_MEMORY_H 1
| #define HAVE_STRINGS_H 1
| #define HAVE_INTTYPES_H 1
| #define HAVE_STDINT_H 1
| #define HAVE_UNISTD_H 1
| #define HAVE_DLFCN_H 1
| /* end confdefs.h.  */
| 
| int
| main ()
| {
| exit (42);
|   ;
|   return 0;
| }
configure:4713: g++ -c -g -O2  conftest.cc >&5
configure:4719: $? = 0
configure:4723: test -z 
			 || test ! -s conftest.err
configure:4726: $? = 0
configure:4729: test -s conftest.o
configure:4732: $? = 0
configure:4758: g++ -c -g -O2  conftest.cc >&5
configure:4764: $? = 0
configure:4768: test -z 
			 || test ! -s conftest.err
configure:4771: $? = 0
configure:4774: test -s conftest.o
configure:4777: $? = 0
configure:4802: checking dependency style of g++
configure:4892: result: gcc3
configure:4919: checking how to run the C++ preprocessor
configure:4950: g++ -E  conftest.cc
configure:4956: $? = 0
configure:4988: g++ -E  conftest.cc
conftest.cc:25:28: ac_nonexistent.h: No such file or directory
configure:4994: $? = 1
configure: failed program was:
| /* confdefs.h.  */
| 
| #define PACKAGE_NAME "libsangoma"
| #define PACKAGE_TARNAME "libsangoma"
| #define PACKAGE_VERSION "1.0.0"
| #define PACKAGE_STRING "libsangoma 1.0.0"
| #define PACKAGE_BUGREPORT "anthmct@yahoo.com"
| #define PACKAGE "libsangoma"
| #define VERSION "1.0.0"
| #define STDC_HEADERS 1
| #define HAVE_SYS_TYPES_H 1
| #define HAVE_SYS_STAT_H 1
| #define HAVE_STDLIB_H 1
| #define HAVE_STRING_H 1
| #define HAVE_MEMORY_H 1
| #define HAVE_STRINGS_H 1
| #define HAVE_INTTYPES_H 1
| #define HAVE_STDINT_H 1
| #define HAVE_UNISTD_H 1
| #define HAVE_DLFCN_H 1
| #ifdef __cplusplus
| extern "C" void std::exit (int) throw (); using std::exit;
| #endif
| /* end confdefs.h.  */
| #include <ac_nonexistent.h>
configure:5033: result: g++ -E
configure:5057: g++ -E  conftest.cc
configure:5063: $? = 0
configure:5095: g++ -E  conftest.cc
conftest.cc:25:28: ac_nonexistent.h: No such file or directory
configure:5101: $? = 1
configure: failed program was:
| /* confdefs.h.  */
| 
| #define PACKAGE_NAME "libsangoma"
| #define PACKAGE_TARNAME "libsangoma"
| #define PACKAGE_VERSION "1.0.0"
| #define PACKAGE_STRING "libsangoma 1.0.0"
| #define PACKAGE_BUGREPORT "anthmct@yahoo.com"
| #define PACKAGE "libsangoma"
| #define VERSION "1.0.0"
| #define STDC_HEADERS 1
| #define HAVE_SYS_TYPES_H 1
| #define HAVE_SYS_STAT_H 1
| #define HAVE_STDLIB_H 1
| #define HAVE_STRING_H 1
| #define HAVE_MEMORY_H 1
| #define HAVE_STRINGS_H 1
| #define HAVE_INTTYPES_H 1
| #define HAVE_STDINT_H 1
| #define HAVE_UNISTD_H 1
| #define HAVE_DLFCN_H 1
| #ifdef __cplusplus
| extern "C" void std::exit (int) throw (); using std::exit;
| #endif
| /* end confdefs.h.  */
| #include <ac_nonexistent.h>
configure:5198: checking for g77
configure:5214: found /usr/bin/g77
configure:5224: result: g77
configure:5239: checking for Fortran 77 compiler version
configure:5242: g77 --version </dev/null >&5
GNU Fortran (GCC) 3.4.3 20041212 (Red Hat 3.4.3-9.EL4)
Copyright (C) 2004 Free Software Foundation, Inc.

GNU Fortran comes with NO WARRANTY, to the extent permitted by law.
You may redistribute copies of GNU Fortran
under the terms of the GNU General Public License.
For more information about these matters, see the file named COPYING
or type the command `info -f g77 Copying'.
configure:5245: $? = 0
configure:5247: g77 -v </dev/null >&5
Reading specs from /usr/lib/gcc/i386-redhat-linux/3.4.3/specs
Configured with: ../configure --prefix=/usr --mandir=/usr/share/man --infodir=/usr/share/info --enable-shared --enable-threads=posix --disable-checking --with-system-zlib --enable-__cxa_atexit --disable-libunwind-exceptions --enable-java-awt=gtk --host=i386-redhat-linux
Thread model: posix
gcc version 3.4.3 20041212 (Red Hat 3.4.3-9.EL4)
configure:5250: $? = 0
configure:5252: g77 -V </dev/null >&5
g77: `-V' option must have argument
configure:5255: $? = 1
configure:5263: checking whether we are using the GNU Fortran 77 compiler
configure:5277: g77 -c  conftest.F >&5
configure:5283: $? = 0
configure:5287: test -z 
			 || test ! -s conftest.err
configure:5290: $? = 0
configure:5293: test -s conftest.o
configure:5296: $? = 0
configure:5309: result: yes
configure:5315: checking whether g77 accepts -g
configure:5327: g77 -c -g conftest.f >&5
configure:5333: $? = 0
configure:5337: test -z 
			 || test ! -s conftest.err
configure:5340: $? = 0
configure:5343: test -s conftest.o
configure:5346: $? = 0
configure:5358: result: yes
configure:5388: checking the maximum length of command line arguments
configure:5480: result: 32768
configure:5491: checking command to parse /usr/bin/nm -B output from gcc object
configure:5587: gcc -c -g -O2  conftest.c >&5
configure:5590: $? = 0
configure:5594: /usr/bin/nm -B conftest.o \| sed -n -e 's/^.*[ 	]\([ABCDGIRSTW][ABCDGIRSTW]*\)[ 	][ 	]*\([_A-Za-z][_A-Za-z0-9]*\)$/\1 \2 \2/p' \> conftest.nm
configure:5597: $? = 0
configure:5649: gcc -o conftest -g -O2   conftest.c conftstm.o >&5
configure:5652: $? = 0
configure:5690: result: ok
configure:5694: checking for objdir
configure:5709: result: .libs
configure:5799: checking for ar
configure:5815: found /usr/bin/ar
configure:5826: result: ar
configure:5879: checking for ranlib
configure:5895: found /usr/bin/ranlib
configure:5906: result: ranlib
configure:5959: checking for strip
configure:5975: found /usr/bin/strip
configure:5986: result: strip
configure:6273: checking if gcc static flag  works
configure:6301: result: yes
configure:6319: checking if gcc supports -fno-rtti -fno-exceptions
configure:6337: gcc -c -g -O2  -fno-rtti -fno-exceptions conftest.c >&5
cc1: warning: command line option "-fno-rtti" is valid for C++/ObjC++ but not for C
configure:6341: $? = 0
configure:6354: result: no
configure:6369: checking for gcc option to produce PIC
configure:6573: result: -fPIC
configure:6581: checking if gcc PIC flag -fPIC works
configure:6599: gcc -c -g -O2  -fPIC -DPIC conftest.c >&5
configure:6603: $? = 0
configure:6616: result: yes
configure:6640: checking if gcc supports -c -o file.o
configure:6661: gcc -c -g -O2  -o out/conftest2.o conftest.c >&5
configure:6665: $? = 0
configure:6687: result: yes
configure:6713: checking whether the gcc linker (/usr/bin/ld) supports shared libraries
configure:7609: result: yes
configure:7635: checking whether -lc should be explicitly linked in
configure:7640: gcc -c -g -O2  conftest.c >&5
configure:7643: $? = 0
configure:7657: gcc -shared conftest.o  -v -Wl,-soname -Wl,conftest -o conftest 2\>\&1 \| grep  -lc  \>/dev/null 2\>\&1
configure:7660: $? = 0
configure:7672: result: no
configure:7680: checking dynamic linker characteristics
configure:8234: result: GNU/Linux ld.so
configure:8238: checking how to hardcode library paths into programs
configure:8263: result: immediate
configure:8277: checking whether stripping libraries is possible
configure:8282: result: yes
configure:9112: checking if libtool supports shared libraries
configure:9114: result: yes
configure:9117: checking whether to build shared libraries
configure:9138: result: yes
configure:9141: checking whether to build static libraries
configure:9145: result: yes
configure:9237: creating libtool
configure:9815: checking for ld used by g++
configure:9882: result: /usr/bin/ld
configure:9891: checking if the linker (/usr/bin/ld) is GNU ld
configure:9906: result: yes
configure:9957: checking whether the g++ linker (/usr/bin/ld) supports shared libraries
configure:10837: result: yes
configure:10855: g++ -c -g -O2  conftest.cpp >&5
configure:10858: $? = 0
configure:10968: checking for g++ option to produce PIC
configure:11236: result: -fPIC
configure:11244: checking if g++ PIC flag -fPIC works
configure:11262: g++ -c -g -O2  -fPIC -DPIC conftest.cpp >&5
configure:11266: $? = 0
configure:11279: result: yes
configure:11303: checking if g++ supports -c -o file.o
configure:11324: g++ -c -g -O2  -o out/conftest2.o conftest.cpp >&5
configure:11328: $? = 0
configure:11350: result: yes
configure:11376: checking whether the g++ linker (/usr/bin/ld) supports shared libraries
configure:11401: result: yes
configure:11472: checking dynamic linker characteristics
configure:12026: result: GNU/Linux ld.so
configure:12030: checking how to hardcode library paths into programs
configure:12055: result: immediate
configure:12069: checking whether stripping libraries is possible
configure:12074: result: yes
configure:13410: checking if libtool supports shared libraries
configure:13412: result: yes
configure:13415: checking whether to build shared libraries
configure:13435: result: yes
configure:13438: checking whether to build static libraries
configure:13442: result: yes
configure:13454: checking for g77 option to produce PIC
configure:13658: result: -fPIC
configure:13666: checking if g77 PIC flag -fPIC works
configure:13684: g77 -c -g -O2 -fPIC conftest.f >&5
configure:13688: $? = 0
configure:13701: result: yes
configure:13725: checking if g77 supports -c -o file.o
configure:13746: g77 -c -g -O2 -o out/conftest2.o conftest.f >&5
configure:13750: $? = 0
configure:13772: result: yes
configure:13798: checking whether the g77 linker (/usr/bin/ld) supports shared libraries
configure:14674: result: yes
configure:14745: checking dynamic linker characteristics
configure:15299: result: GNU/Linux ld.so
configure:15303: checking how to hardcode library paths into programs
configure:15328: result: immediate
configure:15342: checking whether stripping libraries is possible
configure:15347: result: yes
configure:19637: checking for ranlib
configure:19664: result: ranlib
configure:19699: checking fcntl.h usability
configure:19711: gcc -c -g -O2  conftest.c >&5
configure:19717: $? = 0
configure:19721: test -z 
			 || test ! -s conftest.err
configure:19724: $? = 0
configure:19727: test -s conftest.o
configure:19730: $? = 0
configure:19740: result: yes
configure:19744: checking fcntl.h presence
configure:19754: gcc -E  conftest.c
configure:19760: $? = 0
configure:19780: result: yes
configure:19815: checking for fcntl.h
configure:19822: result: yes
configure:19699: checking netinet/in.h usability
configure:19711: gcc -c -g -O2  conftest.c >&5
configure:19717: $? = 0
configure:19721: test -z 
			 || test ! -s conftest.err
configure:19724: $? = 0
configure:19727: test -s conftest.o
configure:19730: $? = 0
configure:19740: result: yes
configure:19744: checking netinet/in.h presence
configure:19754: gcc -E  conftest.c
configure:19760: $? = 0
configure:19780: result: yes
configure:19815: checking for netinet/in.h
configure:19822: result: yes
configure:19690: checking for stdlib.h
configure:19695: result: yes
configure:19690: checking for string.h
configure:19695: result: yes
configure:19699: checking sys/ioctl.h usability
configure:19711: gcc -c -g -O2  conftest.c >&5
configure:19717: $? = 0
configure:19721: test -z 
			 || test ! -s conftest.err
configure:19724: $? = 0
configure:19727: test -s conftest.o
configure:19730: $? = 0
configure:19740: result: yes
configure:19744: checking sys/ioctl.h presence
configure:19754: gcc -E  conftest.c
configure:19760: $? = 0
configure:19780: result: yes
configure:19815: checking for sys/ioctl.h
configure:19822: result: yes
configure:19699: checking sys/socket.h usability
configure:19711: gcc -c -g -O2  conftest.c >&5
configure:19717: $? = 0
configure:19721: test -z 
			 || test ! -s conftest.err
configure:19724: $? = 0
configure:19727: test -s conftest.o
configure:19730: $? = 0
configure:19740: result: yes
configure:19744: checking sys/socket.h presence
configure:19754: gcc -E  conftest.c
configure:19760: $? = 0
configure:19780: result: yes
configure:19815: checking for sys/socket.h
configure:19822: result: yes
configure:19699: checking sys/time.h usability
configure:19711: gcc -c -g -O2  conftest.c >&5
configure:19717: $? = 0
configure:19721: test -z 
			 || test ! -s conftest.err
configure:19724: $? = 0
configure:19727: test -s conftest.o
configure:19730: $? = 0
configure:19740: result: yes
configure:19744: checking sys/time.h presence
configure:19754: gcc -E  conftest.c
configure:19760: $? = 0
configure:19780: result: yes
configure:19815: checking for sys/time.h
configure:19822: result: yes
configure:19690: checking for unistd.h
configure:19695: result: yes
configure:19856: checking whether time.h and sys/time.h may both be included
configure:19881: gcc -c -g -O2  conftest.c >&5
configure:19887: $? = 0
configure:19891: test -z 
			 || test ! -s conftest.err
configure:19894: $? = 0
configure:19897: test -s conftest.o
configure:19900: $? = 0
configure:19911: result: yes
configure:19938: checking sys/select.h usability
configure:19950: gcc -c -g -O2  conftest.c >&5
configure:19956: $? = 0
configure:19960: test -z 
			 || test ! -s conftest.err
configure:19963: $? = 0
configure:19966: test -s conftest.o
configure:19969: $? = 0
configure:19979: result: yes
configure:19983: checking sys/select.h presence
configure:19993: gcc -E  conftest.c
configure:19999: $? = 0
configure:20019: result: yes
configure:20054: checking for sys/select.h
configure:20061: result: yes
configure:19929: checking for sys/socket.h
configure:19934: result: yes
configure:20074: checking types of arguments for select
configure:20107: gcc -c -g -O2  conftest.c >&5
configure:20113: $? = 0
configure:20117: test -z 
			 || test ! -s conftest.err
configure:20120: $? = 0
configure:20123: test -s conftest.o
configure:20126: $? = 0
configure:20142: result: int,fd_set *,struct timeval *
configure:20172: checking for gettimeofday
configure:20229: gcc -o conftest -g -O2   conftest.c  >&5
configure:20235: $? = 0
configure:20239: test -z 
			 || test ! -s conftest.err
configure:20242: $? = 0
configure:20245: test -s conftest
configure:20248: $? = 0
configure:20260: result: yes
configure:20172: checking for memset
configure:20229: gcc -o conftest -g -O2   conftest.c  >&5
conftest.c:64: warning: conflicting types for built-in function 'memset'
configure:20235: $? = 0
configure:20239: test -z 
			 || test ! -s conftest.err
configure:20242: $? = 0
configure:20245: test -s conftest
configure:20248: $? = 0
configure:20260: result: yes
configure:20172: checking for select
configure:20229: gcc -o conftest -g -O2   conftest.c  >&5
configure:20235: $? = 0
configure:20239: test -z 
			 || test ! -s conftest.err
configure:20242: $? = 0
configure:20245: test -s conftest
configure:20248: $? = 0
configure:20260: result: yes
configure:20172: checking for socket
configure:20229: gcc -o conftest -g -O2   conftest.c  >&5
configure:20235: $? = 0
configure:20239: test -z 
			 || test ! -s conftest.err
configure:20242: $? = 0
configure:20245: test -s conftest
configure:20248: $? = 0
configure:20260: result: yes
configure:20426: creating ./config.status

## ---------------------- ##
## Running config.status. ##
## ---------------------- ##

This file was extended by libsangoma config.status 1.0.0, which was
generated by GNU Autoconf 2.59.  Invocation command line was

  CONFIG_FILES    = 
  CONFIG_HEADERS  = 
  CONFIG_LINKS    = 
  CONFIG_COMMANDS = 
  $ ./config.status 

on tesla.localdomain

config.status:709: creating Makefile
config.status:892: executing depfiles commands

## ---------------- ##
## Cache variables. ##
## ---------------- ##

ac_cv_build=i686-pc-linux-gnu
ac_cv_build_alias=i686-pc-linux-gnu
ac_cv_c_compiler_gnu=yes
ac_cv_cxx_compiler_gnu=yes
ac_cv_env_CC_set=
ac_cv_env_CC_value=
ac_cv_env_CFLAGS_set=
ac_cv_env_CFLAGS_value=
ac_cv_env_CPPFLAGS_set=
ac_cv_env_CPPFLAGS_value=
ac_cv_env_CPP_set=
ac_cv_env_CPP_value=
ac_cv_env_CXXCPP_set=
ac_cv_env_CXXCPP_value=
ac_cv_env_CXXFLAGS_set=
ac_cv_env_CXXFLAGS_value=
ac_cv_env_CXX_set=
ac_cv_env_CXX_value=
ac_cv_env_F77_set=
ac_cv_env_F77_value=
ac_cv_env_FFLAGS_set=
ac_cv_env_FFLAGS_value=
ac_cv_env_LDFLAGS_set=
ac_cv_env_LDFLAGS_value=
ac_cv_env_build_alias_set=
ac_cv_env_build_alias_value=
ac_cv_env_host_alias_set=
ac_cv_env_host_alias_value=
ac_cv_env_target_alias_set=
ac_cv_env_target_alias_value=
ac_cv_exeext=
ac_cv_f77_compiler_gnu=yes
ac_cv_func_gettimeofday=yes
ac_cv_func_memset=yes
ac_cv_func_select=yes
ac_cv_func_select_args='int,fd_set *,struct timeval *'
ac_cv_func_socket=yes
ac_cv_header_dlfcn_h=yes
ac_cv_header_fcntl_h=yes
ac_cv_header_inttypes_h=yes
ac_cv_header_memory_h=yes
ac_cv_header_netinet_in_h=yes
ac_cv_header_stdc=yes
ac_cv_header_stdint_h=yes
ac_cv_header_stdlib_h=yes
ac_cv_header_string_h=yes
ac_cv_header_strings_h=yes
ac_cv_header_sys_ioctl_h=yes
ac_cv_header_sys_select_h=yes
ac_cv_header_sys_socket_h=yes
ac_cv_header_sys_stat_h=yes
ac_cv_header_sys_time_h=yes
ac_cv_header_sys_types_h=yes
ac_cv_header_time=yes
ac_cv_header_unistd_h=yes
ac_cv_host=i686-pc-linux-gnu
ac_cv_host_alias=i686-pc-linux-gnu
ac_cv_objext=o
ac_cv_path_install='/usr/bin/install -c'
ac_cv_prog_AWK=gawk
ac_cv_prog_CPP='gcc -E'
ac_cv_prog_CXXCPP='g++ -E'
ac_cv_prog_ac_ct_AR=ar
ac_cv_prog_ac_ct_CC=gcc
ac_cv_prog_ac_ct_CXX=g++
ac_cv_prog_ac_ct_F77=g77
ac_cv_prog_ac_ct_RANLIB=ranlib
ac_cv_prog_ac_ct_STRIP=strip
ac_cv_prog_cc_g=yes
ac_cv_prog_cc_stdc=
ac_cv_prog_cxx_g=yes
ac_cv_prog_egrep='grep -E'
ac_cv_prog_f77_g=yes
ac_cv_prog_make_make_set=yes
am_cv_CC_dependencies_compiler_type=gcc3
am_cv_CXX_dependencies_compiler_type=gcc3
lt_cv_deplibs_check_method=pass_all
lt_cv_file_magic_cmd='$MAGIC_CMD'
lt_cv_file_magic_test_file=
lt_cv_ld_reload_flag=-r
lt_cv_objdir=.libs
lt_cv_path_LD=/usr/bin/ld
lt_cv_path_LDCXX=/usr/bin/ld
lt_cv_path_NM='/usr/bin/nm -B'
lt_cv_path_SED=/bin/sed
lt_cv_prog_compiler_c_o=yes
lt_cv_prog_compiler_c_o_CXX=yes
lt_cv_prog_compiler_c_o_F77=yes
lt_cv_prog_compiler_rtti_exceptions=no
lt_cv_prog_gnu_ld=yes
lt_cv_prog_gnu_ldcxx=yes
lt_cv_sys_global_symbol_pipe='sed -n -e '\''s/^.*[ 	]\([ABCDGIRSTW][ABCDGIRSTW]*\)[ 	][ 	]*\([_A-Za-z][_A-Za-z0-9]*\)$/\1 \2 \2/p'\'''
lt_cv_sys_global_symbol_to_c_name_address='sed -n -e '\''s/^: \([^ ]*\) $/  {\"\1\", (lt_ptr) 0},/p'\'' -e '\''s/^[BCDEGRST] \([^ ]*\) \([^ ]*\)$/  {"\2", (lt_ptr) \&\2},/p'\'''
lt_cv_sys_global_symbol_to_cdecl='sed -n -e '\''s/^. .* \(.*\)$/extern int \1;/p'\'''
lt_cv_sys_max_cmd_len=32768
lt_lt_cv_prog_compiler_c_o='"yes"'
lt_lt_cv_prog_compiler_c_o_CXX='"yes"'
lt_lt_cv_prog_compiler_c_o_F77='"yes"'
lt_lt_cv_sys_global_symbol_pipe='"sed -n -e '\''s/^.*[ 	]\\([ABCDGIRSTW][ABCDGIRSTW]*\\)[ 	][ 	]*\\([_A-Za-z][_A-Za-z0-9]*\\)\$/\\1 \\2 \\2/p'\''"'
lt_lt_cv_sys_global_symbol_to_c_name_address='"sed -n -e '\''s/^: \\([^ ]*\\) \$/  {\\\"\\1\\\", (lt_ptr) 0},/p'\'' -e '\''s/^[BCDEGRST] \\([^ ]*\\) \\([^ ]*\\)\$/  {\"\\2\", (lt_ptr) \\&\\2},/p'\''"'
lt_lt_cv_sys_global_symbol_to_cdecl='"sed -n -e '\''s/^. .* \\(.*\\)\$/extern int \\1;/p'\''"'

## ----------------- ##
## Output variables. ##
## ----------------- ##

ACLOCAL='${SHELL} /root/2.3.4/wanpipe/ssmg/libsangoma.trunk/missing --run aclocal-1.9'
AMDEPBACKSLASH='\'
AMDEP_FALSE='#'
AMDEP_TRUE=''
AMTAR='${SHELL} /root/2.3.4/wanpipe/ssmg/libsangoma.trunk/missing --run tar'
AR='ar'
AUTOCONF='${SHELL} /root/2.3.4/wanpipe/ssmg/libsangoma.trunk/missing --run autoconf'
AUTOHEADER='${SHELL} /root/2.3.4/wanpipe/ssmg/libsangoma.trunk/missing --run autoheader'
AUTOMAKE='${SHELL} /root/2.3.4/wanpipe/ssmg/libsangoma.trunk/missing --run automake-1.9'
AWK='gawk'
CC='gcc'
CCDEPMODE='depmode=gcc3'
CFLAGS='-g -O2'
CPP='gcc -E'
CPPFLAGS=''
CXX='g++'
CXXCPP='g++ -E'
CXXDEPMODE='depmode=gcc3'
CXXFLAGS='-g -O2'
CYGPATH_W='echo'
DEFS='-DPACKAGE_NAME=\"libsangoma\" -DPACKAGE_TARNAME=\"libsangoma\" -DPACKAGE_VERSION=\"1.0.0\" -DPACKAGE_STRING=\"libsangoma\ 1.0.0\" -DPACKAGE_BUGREPORT=\"anthmct@yahoo.com\" -DPACKAGE=\"libsangoma\" -DVERSION=\"1.0.0\" -DSTDC_HEADERS=1 -DHAVE_SYS_TYPES_H=1 -DHAVE_SYS_STAT_H=1 -DHAVE_STDLIB_H=1 -DHAVE_STRING_H=1 -DHAVE_MEMORY_H=1 -DHAVE_STRINGS_H=1 -DHAVE_INTTYPES_H=1 -DHAVE_STDINT_H=1 -DHAVE_UNISTD_H=1 -DHAVE_DLFCN_H=1 -DHAVE_FCNTL_H=1 -DHAVE_NETINET_IN_H=1 -DHAVE_STDLIB_H=1 -DHAVE_STRING_H=1 -DHAVE_SYS_IOCTL_H=1 -DHAVE_SYS_SOCKET_H=1 -DHAVE_SYS_TIME_H=1 -DHAVE_UNISTD_H=1 -DTIME_WITH_SYS_TIME=1 -DHAVE_SYS_SELECT_H=1 -DHAVE_SYS_SOCKET_H=1 -DSELECT_TYPE_ARG1=int -DSELECT_TYPE_ARG234=\(fd_set\ \*\) -DSELECT_TYPE_ARG5=\(struct\ timeval\ \*\) -DHAVE_GETTIMEOFDAY=1 -DHAVE_MEMSET=1 -DHAVE_SELECT=1 -DHAVE_SOCKET=1 '
DEPDIR='.deps'
ECHO='echo'
ECHO_C=''
ECHO_N='-n'
ECHO_T=''
EGREP='grep -E'
EXEEXT=''
F77='g77'
FFLAGS='-g -O2'
INSTALL_DATA='${INSTALL} -m 644'
INSTALL_PROGRAM='${INSTALL}'
INSTALL_SCRIPT='${INSTALL}'
INSTALL_STRIP_PROGRAM='${SHELL} $(install_sh) -c -s'
LDFLAGS=''
LIBOBJS=''
LIBPRI_FALSE=''
LIBPRI_TRUE='#'
LIBS=''
LIBTOOL='$(SHELL) $(top_builddir)/libtool'
LN_S='ln -s'
LTLIBOBJS=''
MAKEINFO='${SHELL} /root/2.3.4/wanpipe/ssmg/libsangoma.trunk/missing --run makeinfo'
OBJEXT='o'
PACKAGE='libsangoma'
PACKAGE_BUGREPORT='anthmct@yahoo.com'
PACKAGE_NAME='libsangoma'
PACKAGE_STRING='libsangoma 1.0.0'
PACKAGE_TARNAME='libsangoma'
PACKAGE_VERSION='1.0.0'
PATH_SEPARATOR=':'
RANLIB='ranlib'
SET_MAKE=''
SHELL='/bin/sh'
STRIP='strip'
VERSION='1.0.0'
ac_ct_AR='ar'
ac_ct_CC='gcc'
ac_ct_CXX='g++'
ac_ct_F77='g77'
ac_ct_RANLIB='ranlib'
ac_ct_STRIP='strip'
am__fastdepCC_FALSE='#'
am__fastdepCC_TRUE=''
am__fastdepCXX_FALSE='#'
am__fastdepCXX_TRUE=''
am__include='include'
am__leading_dot='.'
am__quote=''
am__tar='${AMTAR} chof - "$$tardir"'
am__untar='${AMTAR} xf -'
bindir='${exec_prefix}/bin'
build='i686-pc-linux-gnu'
build_alias=''
build_cpu='i686'
build_os='linux-gnu'
build_vendor='pc'
datadir='${prefix}/share'
exec_prefix='${prefix}'
host='i686-pc-linux-gnu'
host_alias=''
host_cpu='i686'
host_os='linux-gnu'
host_vendor='pc'
includedir='${prefix}/include'
infodir='${prefix}/info'
install_sh='/root/2.3.4/wanpipe/ssmg/libsangoma.trunk/install-sh'
libdir='${exec_prefix}/lib'
libexecdir='${exec_prefix}/libexec'
libpripath=''
localstatedir='${prefix}/var'
mandir='${prefix}/man'
mkdir_p='mkdir -p --'
oldincludedir='/usr/include'
prefix='/usr/local'
program_transform_name='s,x,x,'
sbindir='${exec_prefix}/sbin'
sharedstatedir='${prefix}/com'
sysconfdir='${prefix}/etc'
target_alias=''

## ----------- ##
## confdefs.h. ##
## ----------- ##

#define HAVE_DLFCN_H 1
#define HAVE_FCNTL_H 1
#define HAVE_GETTIMEOFDAY 1
#define HAVE_INTTYPES_H 1
#define HAVE_MEMORY_H 1
#define HAVE_MEMSET 1
#define HAVE_NETINET_IN_H 1
#define HAVE_SELECT 1
#define HAVE_SOCKET 1
#define HAVE_STDINT_H 1
#define HAVE_STDLIB_H 1
#define HAVE_STDLIB_H 1
#define HAVE_STRINGS_H 1
#define HAVE_STRING_H 1
#define HAVE_STRING_H 1
#define HAVE_SYS_IOCTL_H 1
#define HAVE_SYS_SELECT_H 1
#define HAVE_SYS_SOCKET_H 1
#define HAVE_SYS_SOCKET_H 1
#define HAVE_SYS_STAT_H 1
#define HAVE_SYS_TIME_H 1
#define HAVE_SYS_TYPES_H 1
#define HAVE_UNISTD_H 1
#define HAVE_UNISTD_H 1
#define PACKAGE "libsangoma"
#define PACKAGE_BUGREPORT "anthmct@yahoo.com"
#define PACKAGE_NAME "libsangoma"
#define PACKAGE_STRING "libsangoma 1.0.0"
#define PACKAGE_TARNAME "libsangoma"
#define PACKAGE_VERSION "1.0.0"
#define SELECT_TYPE_ARG1 int
#define SELECT_TYPE_ARG234 (fd_set *)
#define SELECT_TYPE_ARG5 (struct timeval *)
#define STDC_HEADERS 1
#define TIME_WITH_SYS_TIME 1
#define VERSION "1.0.0"
#endif
#ifdef __cplusplus
extern "C" void std::exit (int) throw (); using std::exit;

configure: exit 0
